# JRE version: OpenJDK Runtime Environment (8.0_112-b06) (build 1.8.0_112-release-b06)
# Java VM: OpenJDK 64-Bit Server VM (25.112-b06 mixed mode linux-amd64 compressed oops)
Heap:
 def new generation   total 107840K, used 11863K [0x00000000c0000000, 0x00000000c7500000, 0x00000000d5550000)
  eden space 95872K,  12% used [0x00000000c0000000, 0x00000000c0b95cc8, 0x00000000c5da0000)
  from space 11968K,   0% used [0x00000000c6950000, 0x00000000c6950000, 0x00000000c7500000)
  to   space 11968K,   0% used [0x00000000c5da0000, 0x00000000c5da0000, 0x00000000c6950000)
 tenured generation   total 246584K, used 246583K [0x00000000d5550000, 0x00000000e461e000, 0x0000000100000000)
   the space 246584K,  99% used [0x00000000d5550000, 0x00000000e461dff8, 0x00000000e461e000, 0x00000000e461e000)
 Metaspace       used 6509K, capacity 7280K, committed 7552K, reserved 1056768K
  class space    used 592K, capacity 616K, committed 640K, reserved 1048576K
GC Heap History (10 events):
Event: 30.521 GC heap after
Heap after GC invocations=53 (full 5):
 def new generation   total 107840K, used 11967K [0x00000000c0000000, 0x00000000c7500000, 0x00000000d5550000)
  eden space 95872K,   0% used [0x00000000c0000000, 0x00000000c0000000, 0x00000000c5da0000)
  from space 11968K,  99% used [0x00000000c5da0000, 0x00000000c694fff8, 0x00000000c6950000)
  to   space 11968K,   0% used [0x00000000c6950000, 0x00000000c6950000, 0x00000000c7500000)
 tenured generation   total 239480K, used 165192K [0x00000000d5550000, 0x00000000e3f2e000, 0x0000000100000000)
   the space 239480K,  68% used [0x00000000d5550000, 0x00000000df6a20f0, 0x00000000df6a2200, 0x00000000e3f2e000)
 Metaspace       used 6494K, capacity 7280K, committed 7552K, reserved 1056768K
  class space    used 592K, capacity 616K, committed 640K, reserved 1048576K
}
Event: 31.439 GC heap before
{Heap before GC invocations=53 (full 5):
 def new generation   total 107840K, used 107839K [0x00000000c0000000, 0x00000000c7500000, 0x00000000d5550000)
  eden space 95872K, 100% used [0x00000000c0000000, 0x00000000c5da0000, 0x00000000c5da0000)
  from space 11968K,  99% used [0x00000000c5da0000, 0x00000000c694fff8, 0x00000000c6950000)
  to   space 11968K,   0% used [0x00000000c6950000, 0x00000000c6950000, 0x00000000c7500000)
 tenured generation   total 239480K, used 165192K [0x00000000d5550000, 0x00000000e3f2e000, 0x0000000100000000)
   the space 239480K,  68% used [0x00000000d5550000, 0x00000000df6a20f0, 0x00000000df6a2200, 0x00000000e3f2e000)
 Metaspace       used 6503K, capacity 7280K, committed 7552K, reserved 1056768K
  class space    used 592K, capacity 616K, committed 640K, reserved 1048576K
Event: 31.560 GC heap after
Heap after GC invocations=54 (full 5):
 def new generation   total 107840K, used 11968K [0x00000000c0000000, 0x00000000c7500000, 0x00000000d5550000)
  eden space 95872K,   0% used [0x00000000c0000000, 0x00000000c0000000, 0x00000000c5da0000)
  from space 11968K, 100% used [0x00000000c6950000, 0x00000000c7500000, 0x00000000c7500000)
  to   space 11968K,   0% used [0x00000000c5da0000, 0x00000000c5da0000, 0x00000000c6950000)
 tenured generation   total 239480K, used 174485K [0x00000000d5550000, 0x00000000e3f2e000, 0x0000000100000000)
   the space 239480K,  72% used [0x00000000d5550000, 0x00000000dffb5768, 0x00000000dffb5800, 0x00000000e3f2e000)
 Metaspace       used 6503K, capacity 7280K, committed 7552K, reserved 1056768K
  class space    used 592K, capacity 616K, committed 640K, reserved 1048576K
}
Event: 32.503 GC heap before
{Heap before GC invocations=54 (full 5):
 def new generation   total 107840K, used 107840K [0x00000000c0000000, 0x00000000c7500000, 0x00000000d5550000)
  eden space 95872K, 100% used [0x00000000c0000000, 0x00000000c5da0000, 0x00000000c5da0000)
  from space 11968K, 100% used [0x00000000c6950000, 0x00000000c7500000, 0x00000000c7500000)
  to   space 11968K,   0% used [0x00000000c5da0000, 0x00000000c5da0000, 0x00000000c6950000)
 tenured generation   total 239480K, used 174485K [0x00000000d5550000, 0x00000000e3f2e000, 0x0000000100000000)
   the space 239480K,  72% used [0x00000000d5550000, 0x00000000dffb5768, 0x00000000dffb5800, 0x00000000e3f2e000)
 Metaspace       used 6503K, capacity 7280K, committed 7552K, reserved 1056768K
  class space    used 592K, capacity 616K, committed 640K, reserved 1048576K
Event: 32.603 GC heap after
Heap after GC invocations=55 (full 5):
 def new generation   total 107840K, used 11968K [0x00000000c0000000, 0x00000000c7500000, 0x00000000d5550000)
  eden space 95872K,   0% used [0x00000000c0000000, 0x00000000c0000000, 0x00000000c5da0000)
  from space 11968K, 100% used [0x00000000c5da0000, 0x00000000c6950000, 0x00000000c6950000)
  to   space 11968K,   0% used [0x00000000c6950000, 0x00000000c6950000, 0x00000000c7500000)
 tenured generation   total 239480K, used 187129K [0x00000000d5550000, 0x00000000e3f2e000, 0x0000000100000000)
   the space 239480K,  78% used [0x00000000d5550000, 0x00000000e0c0e590, 0x00000000e0c0e600, 0x00000000e3f2e000)
 Metaspace       used 6503K, capacity 7280K, committed 7552K, reserved 1056768K
  class space    used 592K, capacity 616K, committed 640K, reserved 1048576K
}
Event: 33.271 GC heap before
{Heap before GC invocations=55 (full 5):
 def new generation   total 107840K, used 107840K [0x00000000c0000000, 0x00000000c7500000, 0x00000000d5550000)
  eden space 95872K, 100% used [0x00000000c0000000, 0x00000000c5da0000, 0x00000000c5da0000)
  from space 11968K, 100% used [0x00000000c5da0000, 0x00000000c6950000, 0x00000000c6950000)
  to   space 11968K,   0% used [0x00000000c6950000, 0x00000000c6950000, 0x00000000c7500000)
 tenured generation   total 239480K, used 187129K [0x00000000d5550000, 0x00000000e3f2e000, 0x0000000100000000)
   the space 239480K,  78% used [0x00000000d5550000, 0x00000000e0c0e590, 0x00000000e0c0e600, 0x00000000e3f2e000)
 Metaspace       used 6504K, capacity 7280K, committed 7552K, reserved 1056768K
  class space    used 592K, capacity 616K, committed 640K, reserved 1048576K
Event: 33.407 GC heap after
Heap after GC invocations=56 (full 5):
 def new generation   total 107840K, used 10421K [0x00000000c0000000, 0x00000000c7500000, 0x00000000d5550000)
  eden space 95872K,   0% used [0x00000000c0000000, 0x00000000c0000000, 0x00000000c5da0000)
  from space 11968K,  87% used [0x00000000c6950000, 0x00000000c737d698, 0x00000000c7500000)
  to   space 11968K,   0% used [0x00000000c5da0000, 0x00000000c5da0000, 0x00000000c6950000)
 tenured generation   total 239480K, used 198531K [0x00000000d5550000, 0x00000000e3f2e000, 0x0000000100000000)
   the space 239480K,  82% used [0x00000000d5550000, 0x00000000e1730c38, 0x00000000e1730e00, 0x00000000e3f2e000)
 Metaspace       used 6504K, capacity 7280K, committed 7552K, reserved 1056768K
  class space    used 592K, capacity 616K, committed 640K, reserved 1048576K
}
Event: 34.469 GC heap before
{Heap before GC invocations=56 (full 5):
 def new generation   total 107840K, used 106293K [0x00000000c0000000, 0x00000000c7500000, 0x00000000d5550000)
  eden space 95872K, 100% used [0x00000000c0000000, 0x00000000c5da0000, 0x00000000c5da0000)
  from space 11968K,  87% used [0x00000000c6950000, 0x00000000c737d698, 0x00000000c7500000)
  to   space 11968K,   0% used [0x00000000c5da0000, 0x00000000c5da0000, 0x00000000c6950000)
 tenured generation   total 239480K, used 198531K [0x00000000d5550000, 0x00000000e3f2e000, 0x0000000100000000)
   the space 239480K,  82% used [0x00000000d5550000, 0x00000000e1730c38, 0x00000000e1730e00, 0x00000000e3f2e000)
 Metaspace       used 6504K, capacity 7280K, committed 7552K, reserved 1056768K
  class space    used 592K, capacity 616K, committed 640K, reserved 1048576K
Event: 34.601 GC heap after
Heap after GC invocations=57 (full 5):
 def new generation   total 107840K, used 11929K [0x00000000c0000000, 0x00000000c7500000, 0x00000000d5550000)
  eden space 95872K,   0% used [0x00000000c0000000, 0x00000000c0000000, 0x00000000c5da0000)
  from space 11968K,  99% used [0x00000000c5da0000, 0x00000000c6946678, 0x00000000c6950000)
  to   space 11968K,   0% used [0x00000000c6950000, 0x00000000c6950000, 0x00000000c7500000)
 tenured generation   total 239480K, used 208500K [0x00000000d5550000, 0x00000000e3f2e000, 0x0000000100000000)
   the space 239480K,  87% used [0x00000000d5550000, 0x00000000e20ed120, 0x00000000e20ed200, 0x00000000e3f2e000)
 Metaspace       used 6504K, capacity 7280K, committed 7552K, reserved 1056768K
  class space    used 592K, capacity 616K, committed 640K, reserved 1048576K
}
Event: 38.095 GC heap before
{Heap before GC invocations=57 (full 5):
 def new generation   total 107840K, used 107801K [0x00000000c0000000, 0x00000000c7500000, 0x00000000d5550000)
  eden space 95872K, 100% used [0x00000000c0000000, 0x00000000c5da0000, 0x00000000c5da0000)
  from space 11968K,  99% used [0x00000000c5da0000, 0x00000000c6946678, 0x00000000c6950000)
  to   space 11968K,   0% used [0x00000000c6950000, 0x00000000c6950000, 0x00000000c7500000)
 tenured generation   total 239480K, used 208500K [0x00000000d5550000, 0x00000000e3f2e000, 0x0000000100000000)
   the space 239480K,  87% used [0x00000000d5550000, 0x00000000e20ed120, 0x00000000e20ed200, 0x00000000e3f2e000)
 Metaspace       used 6509K, capacity 7280K, committed 7552K, reserved 1056768K
  class space    used 592K, capacity 616K, committed 640K, reserved 1048576K

