# JRE version: OpenJDK Runtime Environment (8.0_112-b06) (build 1.8.0_112-release-b06)
# Java VM: OpenJDK 64-Bit Server VM (25.112-b06 mixed mode linux-amd64 compressed oops)
Heap:
 def new generation   total 105024K, used 11507K [0x00000000c0000000, 0x00000000c71f0000, 0x00000000d5550000)
  eden space 93376K,  12% used [0x00000000c0000000, 0x00000000c0b3cf98, 0x00000000c5b30000)
  from space 11648K,   0% used [0x00000000c5b30000, 0x00000000c5b30000, 0x00000000c6690000)
  to   space 11648K,   0% used [0x00000000c6690000, 0x00000000c6690000, 0x00000000c71f0000)
 tenured generation   total 275016K, used 274996K [0x00000000d5550000, 0x00000000e61e2000, 0x0000000100000000)
   the space 275016K,  99% used [0x00000000d5550000, 0x00000000e61dd100, 0x00000000e61dd200, 0x00000000e61e2000)
 Metaspace       used 6489K, capacity 7280K, committed 7552K, reserved 1056768K
  class space    used 591K, capacity 616K, committed 640K, reserved 1048576K
GC Heap History (10 events):
Event: 22.092 GC heap after
Heap after GC invocations=53 (full 5):
 def new generation   total 105024K, used 11648K [0x00000000c0000000, 0x00000000c71f0000, 0x00000000d5550000)
  eden space 93376K,   0% used [0x00000000c0000000, 0x00000000c0000000, 0x00000000c5b30000)
  from space 11648K, 100% used [0x00000000c6690000, 0x00000000c71f0000, 0x00000000c71f0000)
  to   space 11648K,   0% used [0x00000000c5b30000, 0x00000000c5b30000, 0x00000000c6690000)
 tenured generation   total 233160K, used 173468K [0x00000000d5550000, 0x00000000e3902000, 0x0000000100000000)
   the space 233160K,  74% used [0x00000000d5550000, 0x00000000dfeb7390, 0x00000000dfeb7400, 0x00000000e3902000)
 Metaspace       used 6482K, capacity 7216K, committed 7296K, reserved 1056768K
  class space    used 591K, capacity 616K, committed 640K, reserved 1048576K
}
Event: 22.670 GC heap before
{Heap before GC invocations=53 (full 5):
 def new generation   total 105024K, used 105024K [0x00000000c0000000, 0x00000000c71f0000, 0x00000000d5550000)
  eden space 93376K, 100% used [0x00000000c0000000, 0x00000000c5b30000, 0x00000000c5b30000)
  from space 11648K, 100% used [0x00000000c6690000, 0x00000000c71f0000, 0x00000000c71f0000)
  to   space 11648K,   0% used [0x00000000c5b30000, 0x00000000c5b30000, 0x00000000c6690000)
 tenured generation   total 233160K, used 173468K [0x00000000d5550000, 0x00000000e3902000, 0x0000000100000000)
   the space 233160K,  74% used [0x00000000d5550000, 0x00000000dfeb7390, 0x00000000dfeb7400, 0x00000000e3902000)
 Metaspace       used 6482K, capacity 7216K, committed 7296K, reserved 1056768K
  class space    used 591K, capacity 616K, committed 640K, reserved 1048576K
Event: 22.820 GC heap after
Heap after GC invocations=54 (full 5):
 def new generation   total 105024K, used 11648K [0x00000000c0000000, 0x00000000c71f0000, 0x00000000d5550000)
  eden space 93376K,   0% used [0x00000000c0000000, 0x00000000c0000000, 0x00000000c5b30000)
  from space 11648K, 100% used [0x00000000c5b30000, 0x00000000c6690000, 0x00000000c6690000)
  to   space 11648K,   0% used [0x00000000c6690000, 0x00000000c6690000, 0x00000000c71f0000)
 tenured generation   total 233160K, used 183361K [0x00000000d5550000, 0x00000000e3902000, 0x0000000100000000)
   the space 233160K,  78% used [0x00000000d5550000, 0x00000000e0860670, 0x00000000e0860800, 0x00000000e3902000)
 Metaspace       used 6482K, capacity 7216K, committed 7296K, reserved 1056768K
  class space    used 591K, capacity 616K, committed 640K, reserved 1048576K
}
Event: 23.447 GC heap before
{Heap before GC invocations=54 (full 5):
 def new generation   total 105024K, used 105024K [0x00000000c0000000, 0x00000000c71f0000, 0x00000000d5550000)
  eden space 93376K, 100% used [0x00000000c0000000, 0x00000000c5b30000, 0x00000000c5b30000)
  from space 11648K, 100% used [0x00000000c5b30000, 0x00000000c6690000, 0x00000000c6690000)
  to   space 11648K,   0% used [0x00000000c6690000, 0x00000000c6690000, 0x00000000c71f0000)
 tenured generation   total 233160K, used 183361K [0x00000000d5550000, 0x00000000e3902000, 0x0000000100000000)
   the space 233160K,  78% used [0x00000000d5550000, 0x00000000e0860670, 0x00000000e0860800, 0x00000000e3902000)
 Metaspace       used 6485K, capacity 7216K, committed 7296K, reserved 1056768K
  class space    used 591K, capacity 616K, committed 640K, reserved 1048576K
Event: 23.584 GC heap after
Heap after GC invocations=55 (full 5):
 def new generation   total 105024K, used 11269K [0x00000000c0000000, 0x00000000c71f0000, 0x00000000d5550000)
  eden space 93376K,   0% used [0x00000000c0000000, 0x00000000c0000000, 0x00000000c5b30000)
  from space 11648K,  96% used [0x00000000c6690000, 0x00000000c71915b0, 0x00000000c71f0000)
  to   space 11648K,   0% used [0x00000000c5b30000, 0x00000000c5b30000, 0x00000000c6690000)
 tenured generation   total 233160K, used 193191K [0x00000000d5550000, 0x00000000e3902000, 0x0000000100000000)
   the space 233160K,  82% used [0x00000000d5550000, 0x00000000e11f9e30, 0x00000000e11fa000, 0x00000000e3902000)
 Metaspace       used 6485K, capacity 7216K, committed 7296K, reserved 1056768K
  class space    used 591K, capacity 616K, committed 640K, reserved 1048576K
}
Event: 24.431 GC heap before
{Heap before GC invocations=55 (full 5):
 def new generation   total 105024K, used 104645K [0x00000000c0000000, 0x00000000c71f0000, 0x00000000d5550000)
  eden space 93376K, 100% used [0x00000000c0000000, 0x00000000c5b30000, 0x00000000c5b30000)
  from space 11648K,  96% used [0x00000000c6690000, 0x00000000c71915b0, 0x00000000c71f0000)
  to   space 11648K,   0% used [0x00000000c5b30000, 0x00000000c5b30000, 0x00000000c6690000)
 tenured generation   total 233160K, used 193191K [0x00000000d5550000, 0x00000000e3902000, 0x0000000100000000)
   the space 233160K,  82% used [0x00000000d5550000, 0x00000000e11f9e30, 0x00000000e11fa000, 0x00000000e3902000)
 Metaspace       used 6485K, capacity 7216K, committed 7296K, reserved 1056768K
  class space    used 591K, capacity 616K, committed 640K, reserved 1048576K
Event: 24.558 GC heap after
Heap after GC invocations=56 (full 5):
 def new generation   total 105024K, used 11647K [0x00000000c0000000, 0x00000000c71f0000, 0x00000000d5550000)
  eden space 93376K,   0% used [0x00000000c0000000, 0x00000000c0000000, 0x00000000c5b30000)
  from space 11648K,  99% used [0x00000000c5b30000, 0x00000000c668fff8, 0x00000000c6690000)
  to   space 11648K,   0% used [0x00000000c6690000, 0x00000000c6690000, 0x00000000c71f0000)
 tenured generation   total 233160K, used 204271K [0x00000000d5550000, 0x00000000e3902000, 0x0000000100000000)
   the space 233160K,  87% used [0x00000000d5550000, 0x00000000e1ccbc60, 0x00000000e1ccbe00, 0x00000000e3902000)
 Metaspace       used 6485K, capacity 7216K, committed 7296K, reserved 1056768K
  class space    used 591K, capacity 616K, committed 640K, reserved 1048576K
}
Event: 25.098 GC heap before
{Heap before GC invocations=56 (full 5):
 def new generation   total 105024K, used 105023K [0x00000000c0000000, 0x00000000c71f0000, 0x00000000d5550000)
  eden space 93376K, 100% used [0x00000000c0000000, 0x00000000c5b30000, 0x00000000c5b30000)
  from space 11648K,  99% used [0x00000000c5b30000, 0x00000000c668fff8, 0x00000000c6690000)
  to   space 11648K,   0% used [0x00000000c6690000, 0x00000000c6690000, 0x00000000c71f0000)
 tenured generation   total 233160K, used 204271K [0x00000000d5550000, 0x00000000e3902000, 0x0000000100000000)
   the space 233160K,  87% used [0x00000000d5550000, 0x00000000e1ccbc60, 0x00000000e1ccbe00, 0x00000000e3902000)
 Metaspace       used 6489K, capacity 7280K, committed 7552K, reserved 1056768K
  class space    used 591K, capacity 616K, committed 640K, reserved 1048576K
Event: 25.251 GC heap after
Heap after GC invocations=57 (full 5):
 def new generation   total 105024K, used 11648K [0x00000000c0000000, 0x00000000c71f0000, 0x00000000d5550000)
  eden space 93376K,   0% used [0x00000000c0000000, 0x00000000c0000000, 0x00000000c5b30000)
  from space 11648K, 100% used [0x00000000c6690000, 0x00000000c71f0000, 0x00000000c71f0000)
  to   space 11648K,   0% used [0x00000000c5b30000, 0x00000000c5b30000, 0x00000000c6690000)
 tenured generation   total 233160K, used 215921K [0x00000000d5550000, 0x00000000e3902000, 0x0000000100000000)
   the space 233160K,  92% used [0x00000000d5550000, 0x00000000e282c7e8, 0x00000000e282c800, 0x00000000e3902000)
 Metaspace       used 6489K, capacity 7280K, committed 7552K, reserved 1056768K
  class space    used 591K, capacity 616K, committed 640K, reserved 1048576K
}
Event: 31.526 GC heap before
{Heap before GC invocations=57 (full 5):
 def new generation   total 105024K, used 105024K [0x00000000c0000000, 0x00000000c71f0000, 0x00000000d5550000)
  eden space 93376K, 100% used [0x00000000c0000000, 0x00000000c5b30000, 0x00000000c5b30000)
  from space 11648K, 100% used [0x00000000c6690000, 0x00000000c71f0000, 0x00000000c71f0000)
  to   space 11648K,   0% used [0x00000000c5b30000, 0x00000000c5b30000, 0x00000000c6690000)
 tenured generation   total 233160K, used 215921K [0x00000000d5550000, 0x00000000e3902000, 0x0000000100000000)
   the space 233160K,  92% used [0x00000000d5550000, 0x00000000e282c7e8, 0x00000000e282c800, 0x00000000e3902000)
 Metaspace       used 6489K, capacity 7280K, committed 7552K, reserved 1056768K
  class space    used 591K, capacity 616K, committed 640K, reserved 1048576K

